Report Physical info: 
------------------------+----------------+-----------+------------
                        |                |Area (squm)|Leakage (uW)
------------------------+----------------+-----------+------------
Design Name             |multiplyOperator|           |            
  Total Instances       |             852|       1296|      26.562
    Macros              |               0|          0|       0.000
    Pads                |               0|          0|       0.000
    Phys                |               0|          0|       0.000
    Blackboxes          |               0|          0|       0.000
    Cells               |             852|       1296|      26.562
      Buffers           |               0|          0|       0.000
      Inverters         |             121|         64|       1.737
      Clock-Gates       |               0|          0|       0.000
      Combinational     |             731|       1232|      24.825
      Latches           |               0|          0|       0.000
      FlipFlops         |               0|          0|       0.000
       Single-Bit FF    |               0|          0|       0.000
       Multi-Bit FF     |               0|          0|       0.000
       Clock-Gated      |               0|           |            
       Bits             |               0|          0|       0.000
         Load-Enabled   |               0|           |            
         Clock-Gated    |               0|           |            
  Tristate Pin Count    |               0|           |            
Physical Info           |Placed          |           |            
  Chip Size (mm x mm)   |0.106 x 0.106   |      11338|            
  Fixed Cell Area       |                |          0|            
    Phys Only           |               0|          0|            
  Placeable Area        |                |       2142|            
  Movable Cell Area     |                |       1296|            
  Utilization (%)       |              60|           |            
  Chip Utilization (%)  |              60|           |            
  Total Wire Length (mm)|           3.575|           |            
  Longest Wire (mm)     |           0.059|           |            
  Average Wire (mm)     |           0.056|           |            
------------------------+----------------+-----------+------------
