warning: No library characterized for (process = 1.00 voltage = 0.85 temperature = 25.00) can be found in the database for power domain '/PD_TOP'  [NL-174]
Report Power (instances with prefix '*' are included in total) : 
-----+----------+--------------------+---------------------+-------------------+-----------------
     | Instance | Internal Power(uw) | Switching Power(uw) | Leakage Power(uw) | Total Power(uw) 
-----+----------+--------------------+---------------------+-------------------+-----------------
1    |*i_0_0_0  |            2.061055|             1.502270|           0.061230|         3.624555
2    |*i_0_0_1  |            2.686621|             1.958906|           0.075762|         4.721289
3    |*i_0_0_2  |            1.755649|             1.180432|           0.061230|         2.997311
4    |*i_0_0_3  |            2.684314|             1.858624|           0.075762|         4.618700
5    |*i_0_0_4  |            1.196895|             0.775604|           0.061230|         2.033730
6    |*i_0_0_5  |            2.477715|             1.821161|           0.075762|         4.374637
7    |*i_0_0_6  |            2.067019|             4.380714|           0.061230|         6.508964
8    |*i_0_0_7  |            2.580632|             4.818937|           0.075762|         7.475331
9    |*i_0_0_8  |            2.897042|             5.041215|           0.075762|         8.014020
10   |*i_0_0_9  |            2.757803|             4.967863|           0.075762|         7.801428
11   |*i_0_0_10 |            2.178940|             4.610143|           0.075762|         6.864845
12   |*i_0_0_11 |            1.997296|             4.773460|           0.075762|         6.846519
13   |*i_0_0_12 |            1.179294|             0.873086|           0.025066|         2.077447
14   |*i_0_0_13 |            1.179294|             0.873086|           0.025066|         2.077447
15   |*i_0_0_14 |            1.184065|             1.015202|           0.025066|         2.224333
16   |*i_0_0_15 |            1.184065|             1.015202|           0.025066|         2.224333
17   |*i_0_0_16 |            1.181289|             0.932511|           0.025066|         2.138866
18   |*i_0_0_17 |            1.181980|             0.953101|           0.025066|         2.160147
19   |*i_0_0_18 |            1.181980|             0.953101|           0.025066|         2.160147
20   |*i_0_0_19 |            1.184065|             1.015202|           0.025066|         2.224333
21   |*i_0_0_20 |            1.174835|             0.792040|           0.025066|         1.991941
22   |*i_0_0_21 |            1.174835|             0.792040|           0.025066|         1.991941
23   |*i_0_0_22 |            1.181980|             0.953101|           0.025066|         2.160147
24   |*i_0_0_23 |            1.184065|             1.015202|           0.025066|         2.224333
25   |*i_0_0_24 |            1.220420|             3.305837|           0.025066|         4.551324
26   |*i_0_0_25 |            1.181289|             0.932511|           0.025066|         2.138866
27   |*i_0_0_26 |            1.184065|             1.015202|           0.025066|         2.224333
28   |*i_0_0_27 |            1.179294|             0.873086|           0.025066|         2.077447
29   |          |                    |                     |                   |                 
30   |*TOTAL    |           46.277802|            54.998837|           1.252074|       102.528709
-----+----------+--------------------+---------------------+-------------------+-----------------
