Report for group default
Report for group I2R
Report for group I2O
------------------------------------------------------------------------------------------------------------------------------------------------------------
Startpoint: A[0]
    (Clocked by rtDefaultClock R)
Endpoint: Z[6]
    (Clocked by vsysclk R)
Path Group: I2O
Data required time: 42000.0
    (Clock shift: 60000.0, minus Uncertainty: 0.0, plus Latency 0.0, minus Out delay: 18000.0)
Data arrival time: 1267.4
Slack: 40732.6
Logic depth: 7
------------------------------------------------------------------------------------------------------------------------------------------------------------
                                                     Arrival               Arc      Net               Net    Total   fan-                                   
Path                     Module/Cell           Edge     Time    Delay    Delay    Delay     Slew     Load     Load    out     Location Power Domain      (V)
                                                        (ps)     (ps)     (ps)     (ps)     (ps)     (ff)     (ff)    (#)      (um,um)                      
------------------------------------------------------------------------------------------------------------------------------------------------------------
A[0]                     {set_input_delay}        f    700.0    700.0    700.0                        4.5     15.4      4    35,    0                       
i_0_0_16/A2->ZN          AND2_X4                 ff    761.5     61.1     61.1      0.0    100.0      5.2      4.1      1    35,   35  /PD_TOP        (1.10)
i_0_0_0/B->S             HA_X1                   ff    820.0     58.9     58.5      0.4      5.5      0.8      4.3      1    35,   35  /PD_TOP        (1.10)
i_0_0_7/B->CO            FA_X1                   ff    902.2     82.6     82.2      0.4     14.1      0.8      3.6      1    35,   35  /PD_TOP        (1.10)
i_0_0_8/CI->CO           FA_X1                   ff    976.4     74.2     74.2      0.0     15.9      0.8      3.6      1    35,   35  /PD_TOP        (1.10)
i_0_0_9/CI->CO           FA_X1                   ff   1050.6     74.2     74.2      0.0     15.9      0.8      3.6      1    35,   35  /PD_TOP        (1.10)
i_0_0_10/CI->CO          FA_X1                   ff   1124.8     74.2     74.2      0.0     15.9      5.4      3.6      1    35,   35  /PD_TOP        (1.10)
i_0_0_11/CI->S           FA_X1                   fr   1267.0    142.2    142.2      0.0     15.9      4.6     14.6      1    35,   35  /PD_TOP        (1.10)
Z[6]                                              r   1267.4      0.4               0.4     38.3                             35,   70                       
------------------------------------------------------------------------------------------------------------------------------------------------------------
Report for group R2O
