Report Physical info: 
------------------------+----------------+-----------+------------
                        |                |Area (squm)|Leakage (uW)
------------------------+----------------+-----------+------------
Design Name             |multiplyOperator|           |            
  Total Instances       |              47|         62|       1.319
    Macros              |               0|          0|       0.000
    Pads                |               0|          0|       0.000
    Phys                |               0|          0|       0.000
    Blackboxes          |               0|          0|       0.000
    Cells               |              47|         62|       1.319
      Buffers           |               0|          0|       0.000
      Inverters         |               6|          3|       0.086
      Clock-Gates       |               0|          0|       0.000
      Combinational     |              41|         59|       1.233
      Latches           |               0|          0|       0.000
      FlipFlops         |               0|          0|       0.000
       Single-Bit FF    |               0|          0|       0.000
       Multi-Bit FF     |               0|          0|       0.000
       Clock-Gated      |               0|           |            
       Bits             |               0|          0|       0.000
         Load-Enabled   |               0|           |            
         Clock-Gated    |               0|           |            
  Tristate Pin Count    |               0|           |            
Physical Info           |Placed          |           |            
  Chip Size (mm x mm)   |0.070 x 0.070   |       4920|            
  Fixed Cell Area       |                |          0|            
    Phys Only           |               0|          0|            
  Placeable Area        |                |         99|            
  Movable Cell Area     |                |         62|            
  Utilization (%)       |              62|           |            
  Chip Utilization (%)  |              62|           |            
  Total Wire Length (mm)|           0.564|           |            
  Longest Wire (mm)     |           0.035|           |            
  Average Wire (mm)     |           0.035|           |            
------------------------+----------------+-----------+------------
