Report Physical info: 
------------------------+----------------+-----------+------------
                        |                |Area (squm)|Leakage (uW)
------------------------+----------------+-----------+------------
Design Name             |multiplyShiftAdd|           |            
  Total Instances       |             496|       1268|      24.367
    Macros              |               0|          0|       0.000
    Pads                |               0|          0|       0.000
    Phys                |               0|          0|       0.000
    Blackboxes          |               0|          0|       0.000
    Cells               |             496|       1268|      24.367
      Buffers           |               0|          0|       0.000
      Inverters         |               0|          0|       0.000
      Clock-Gates       |               0|          0|       0.000
      Combinational     |             496|       1268|      24.367
      Latches           |               0|          0|       0.000
      FlipFlops         |               0|          0|       0.000
       Single-Bit FF    |               0|          0|       0.000
       Multi-Bit FF     |               0|          0|       0.000
       Clock-Gated      |               0|           |            
       Bits             |               0|          0|       0.000
         Load-Enabled   |               0|           |            
         Clock-Gated    |               0|           |            
  Tristate Pin Count    |               0|           |            
Physical Info           |Placed          |           |            
  Chip Size (mm x mm)   |0.106 x 0.106   |      11231|            
  Fixed Cell Area       |                |          0|            
    Phys Only           |               0|          0|            
  Placeable Area        |                |       2051|            
  Movable Cell Area     |                |       1268|            
  Utilization (%)       |              61|           |            
  Chip Utilization (%)  |              61|           |            
  Total Wire Length (mm)|           3.453|           |            
  Longest Wire (mm)     |           0.056|           |            
  Average Wire (mm)     |           0.054|           |            
------------------------+----------------+-----------+------------
