warning: No library characterized for (process = 1.00 voltage = 0.85 temperature = 25.00) can be found in the database for power domain '/PD_TOP'  [NL-174]
Report Power (instances with prefix '*' are included in total) : 
-----+----------+--------------------+---------------------+-------------------+-----------------
     | Instance | Internal Power(uw) | Switching Power(uw) | Leakage Power(uw) | Total Power(uw) 
-----+----------+--------------------+---------------------+-------------------+-----------------
1    |*i_0_16   |          672.257202|           587.986694|          17.950378|      1278.194336
2    |*i_0_0_0  |            1.179294|             0.873086|           0.025066|         2.077447
3    |*i_0_0_1  |            1.179294|             0.873086|           0.025066|         2.077447
4    |*i_0_0_2  |            1.184065|             1.015202|           0.025066|         2.224333
5    |*i_0_0_3  |            1.184065|             1.015202|           0.025066|         2.224333
6    |*i_0_0_4  |            1.184065|             1.015202|           0.025066|         2.224333
7    |*i_0_0_5  |            1.184065|             1.015202|           0.025066|         2.224333
8    |*i_0_0_6  |            1.184065|             1.015202|           0.025066|         2.224333
9    |*i_0_0_7  |            1.184065|             1.015202|           0.025066|         2.224333
10   |*i_0_0_8  |            1.184065|             1.015202|           0.025066|         2.224333
11   |*i_0_0_9  |            1.184065|             1.015202|           0.025066|         2.224333
12   |*i_0_0_10 |            1.184065|             1.015202|           0.025066|         2.224333
13   |*i_0_0_11 |            1.184065|             1.015202|           0.025066|         2.224333
14   |*i_0_0_12 |            1.184065|             1.015202|           0.025066|         2.224333
15   |*i_0_0_13 |            1.184065|             1.015202|           0.025066|         2.224333
16   |*i_0_0_14 |            1.184065|             1.015202|           0.025066|         2.224333
17   |*i_0_0_15 |            1.184065|             1.015202|           0.025066|         2.224333
18   |*i_0_0_16 |            1.181289|             0.932511|           0.025066|         2.138866
19   |*i_0_0_17 |            1.181980|             0.953101|           0.025066|         2.160147
20   |*i_0_0_18 |            1.181980|             0.953101|           0.025066|         2.160147
21   |*i_0_0_19 |            1.181980|             0.953101|           0.025066|         2.160147
22   |*i_0_0_20 |            1.181980|             0.953101|           0.025066|         2.160147
23   |*i_0_0_21 |            1.181980|             0.953101|           0.025066|         2.160147
24   |*i_0_0_22 |            1.181980|             0.953101|           0.025066|         2.160147
25   |*i_0_0_23 |            1.181980|             0.953101|           0.025066|         2.160147
26   |*i_0_0_24 |            1.181980|             0.953101|           0.025066|         2.160147
27   |*i_0_0_25 |            1.181980|             0.953101|           0.025066|         2.160147
28   |*i_0_0_26 |            1.181980|             0.953101|           0.025066|         2.160147
29   |*i_0_0_27 |            1.181980|             0.953101|           0.025066|         2.160147
30   |*i_0_0_28 |            1.181980|             0.953101|           0.025066|         2.160147
31   |*i_0_0_29 |            1.181980|             0.953101|           0.025066|         2.160147
32   |*i_0_0_30 |            1.181980|             0.953101|           0.025066|         2.160147
33   |*i_0_0_31 |            1.184065|             1.015202|           0.025066|         2.224333
34   |*i_0_0_32 |            1.174835|             0.792040|           0.025066|         1.991941
35   |*i_0_0_33 |            1.174835|             0.792040|           0.025066|         1.991941
36   |*i_0_0_34 |            1.174835|             0.792040|           0.025066|         1.991941
37   |*i_0_0_35 |            1.174835|             0.792040|           0.025066|         1.991941
38   |*i_0_0_36 |            1.174835|             0.792040|           0.025066|         1.991941
39   |*i_0_0_37 |            1.174835|             0.792040|           0.025066|         1.991941
40   |*i_0_0_38 |            1.174835|             0.792040|           0.025066|         1.991941
41   |*i_0_0_39 |            1.174835|             0.792040|           0.025066|         1.991941
42   |*i_0_0_40 |            1.174835|             0.792040|           0.025066|         1.991941
43   |*i_0_0_41 |            1.174835|             0.792040|           0.025066|         1.991941
44   |*i_0_0_42 |            1.174835|             0.792040|           0.025066|         1.991941
45   |*i_0_0_43 |            1.174835|             0.792040|           0.025066|         1.991941
46   |*i_0_0_44 |            1.174835|             0.792040|           0.025066|         1.991941
47   |*i_0_0_45 |            1.174835|             0.792040|           0.025066|         1.991941
48   |*i_0_0_46 |            1.181980|             0.953101|           0.025066|         2.160147
49   |*i_0_0_47 |            1.184065|             1.015202|           0.025066|         2.224333
50   |*i_0_0_48 |            1.184065|             1.015202|           0.025066|         2.224333
51   |*i_0_0_49 |            1.184065|             1.015202|           0.025066|         2.224333
52   |*i_0_0_50 |            1.184065|             1.015202|           0.025066|         2.224333
53   |*i_0_0_51 |            1.184065|             1.015202|           0.025066|         2.224333
54   |*i_0_0_52 |            1.184065|             1.015202|           0.025066|         2.224333
55   |*i_0_0_53 |            1.184065|             1.015202|           0.025066|         2.224333
56   |*i_0_0_54 |            1.184065|             1.015202|           0.025066|         2.224333
57   |*i_0_0_55 |            1.184065|             1.015202|           0.025066|         2.224333
58   |*i_0_0_56 |            1.184065|             1.015202|           0.025066|         2.224333
59   |*i_0_0_57 |            1.184065|             1.015202|           0.025066|         2.224333
60   |*i_0_0_58 |            1.184065|             1.015202|           0.025066|         2.224333
61   |*i_0_0_59 |            1.184065|             1.015202|           0.025066|         2.224333
62   |*i_0_0_60 |            1.184065|             1.015202|           0.025066|         2.224333
63   |*i_0_0_61 |            1.174835|             0.792040|           0.025066|         1.991941
64   |*i_0_0_62 |            1.181980|             0.953101|           0.025066|         2.160147
65   |*i_0_0_63 |            1.184065|             1.015202|           0.025066|         2.224333
66   |*i_0_0_64 |            1.181980|             0.953101|           0.025066|         2.160147
67   |*i_0_0_65 |            1.181980|             0.953101|           0.025066|         2.160147
68   |*i_0_0_66 |            1.181980|             0.953101|           0.025066|         2.160147
69   |*i_0_0_67 |            1.181980|             0.953101|           0.025066|         2.160147
70   |*i_0_0_68 |            1.181980|             0.953101|           0.025066|         2.160147
71   |*i_0_0_69 |            1.181980|             0.953101|           0.025066|         2.160147
72   |*i_0_0_70 |            1.181980|             0.953101|           0.025066|         2.160147
73   |*i_0_0_71 |            1.181980|             0.953101|           0.025066|         2.160147
74   |*i_0_0_72 |            1.181980|             0.953101|           0.025066|         2.160147
75   |*i_0_0_73 |            1.181980|             0.953101|           0.025066|         2.160147
76   |*i_0_0_74 |            1.181980|             0.953101|           0.025066|         2.160147
77   |*i_0_0_75 |            1.181980|             0.953101|           0.025066|         2.160147
78   |*i_0_0_76 |            1.184065|             1.015202|           0.025066|         2.224333
79   |*i_0_0_77 |            1.174835|             0.792040|           0.025066|         1.991941
80   |*i_0_0_78 |            1.181980|             0.953101|           0.025066|         2.160147
81   |*i_0_0_79 |            1.184065|             1.015202|           0.025066|         2.224333
82   |*i_0_0_80 |            1.174835|             0.792040|           0.025066|         1.991941
83   |*i_0_0_81 |            1.174835|             0.792040|           0.025066|         1.991941
84   |*i_0_0_82 |            1.174835|             0.792040|           0.025066|         1.991941
85   |*i_0_0_83 |            1.174835|             0.792040|           0.025066|         1.991941
86   |*i_0_0_84 |            1.174835|             0.792040|           0.025066|         1.991941
87   |*i_0_0_85 |            1.174835|             0.792040|           0.025066|         1.991941
88   |*i_0_0_86 |            1.174835|             0.792040|           0.025066|         1.991941
89   |*i_0_0_87 |            1.174835|             0.792040|           0.025066|         1.991941
90   |*i_0_0_88 |            1.174835|             0.792040|           0.025066|         1.991941
91   |*i_0_0_89 |            1.174835|             0.792040|           0.025066|         1.991941
92   |*i_0_0_90 |            1.174835|             0.792040|           0.025066|         1.991941
93   |*i_0_0_91 |            1.181980|             0.953101|           0.025066|         2.160147
94   |*i_0_0_92 |            1.184065|             1.015202|           0.025066|         2.224333
95   |*i_0_0_93 |            1.174835|             0.792040|           0.025066|         1.991941
96   |*i_0_0_94 |            1.181980|             0.953101|           0.025066|         2.160147
97   |*i_0_0_95 |            1.184065|             1.015202|           0.025066|         2.224333
98   |*i_0_0_96 |            1.184065|             1.015202|           0.025066|         2.224333
99   |*i_0_0_97 |            1.184065|             1.015202|           0.025066|         2.224333
100  |*i_0_0_98 |            1.184065|             1.015202|           0.025066|         2.224333
101  |*i_0_0_99 |            1.184065|             1.015202|           0.025066|         2.224333
102  |*i_0_0_100|            1.184065|             1.015202|           0.025066|         2.224333
103  |*i_0_0_101|            1.184065|             1.015202|           0.025066|         2.224333
104  |*i_0_0_102|            1.184065|             1.015202|           0.025066|         2.224333
105  |*i_0_0_103|            1.184065|             1.015202|           0.025066|         2.224333
106  |*i_0_0_104|            1.184065|             1.015202|           0.025066|         2.224333
107  |*i_0_0_105|            1.184065|             1.015202|           0.025066|         2.224333
108  |*i_0_0_106|            1.174835|             0.792040|           0.025066|         1.991941
109  |*i_0_0_107|            1.181980|             0.953101|           0.025066|         2.160147
110  |*i_0_0_108|            1.184065|             1.015202|           0.025066|         2.224333
111  |*i_0_0_109|            1.174835|             0.792040|           0.025066|         1.991941
112  |*i_0_0_110|            1.181980|             0.953101|           0.025066|         2.160147
113  |*i_0_0_111|            1.184065|             1.015202|           0.025066|         2.224333
114  |*i_0_0_112|            1.181980|             0.953101|           0.025066|         2.160147
115  |*i_0_0_113|            1.181980|             0.953101|           0.025066|         2.160147
116  |*i_0_0_114|            1.181980|             0.953101|           0.025066|         2.160147
117  |*i_0_0_115|            1.181980|             0.953101|           0.025066|         2.160147
118  |*i_0_0_116|            1.181980|             0.953101|           0.025066|         2.160147
119  |*i_0_0_117|            1.181980|             0.953101|           0.025066|         2.160147
120  |*i_0_0_118|            1.181980|             0.953101|           0.025066|         2.160147
121  |*i_0_0_119|            1.181980|             0.953101|           0.025066|         2.160147
122  |*i_0_0_120|            1.181980|             0.953101|           0.025066|         2.160147
123  |*i_0_0_121|            1.184065|             1.015202|           0.025066|         2.224333
124  |*i_0_0_122|            1.174835|             0.792040|           0.025066|         1.991941
125  |*i_0_0_123|            1.181980|             0.953101|           0.025066|         2.160147
126  |*i_0_0_124|            1.184065|             1.015202|           0.025066|         2.224333
127  |*i_0_0_125|            1.174835|             0.792040|           0.025066|         1.991941
128  |*i_0_0_126|            1.181980|             0.953101|           0.025066|         2.160147
129  |*i_0_0_127|            1.184065|             1.015202|           0.025066|         2.224333
130  |*i_0_0_128|            1.174835|             0.792040|           0.025066|         1.991941
131  |*i_0_0_129|            1.174835|             0.792040|           0.025066|         1.991941
132  |*i_0_0_130|            1.174835|             0.792040|           0.025066|         1.991941
133  |*i_0_0_131|            1.174835|             0.792040|           0.025066|         1.991941
134  |*i_0_0_132|            1.174835|             0.792040|           0.025066|         1.991941
135  |*i_0_0_133|            1.174835|             0.792040|           0.025066|         1.991941
136  |*i_0_0_134|            1.174835|             0.792040|           0.025066|         1.991941
137  |*i_0_0_135|            1.174835|             0.792040|           0.025066|         1.991941
138  |*i_0_0_136|            1.181980|             0.953101|           0.025066|         2.160147
139  |*i_0_0_137|            1.184065|             1.015202|           0.025066|         2.224333
140  |*i_0_0_138|            1.174835|             0.792040|           0.025066|         1.991941
141  |*i_0_0_139|            1.181980|             0.953101|           0.025066|         2.160147
142  |*i_0_0_140|            1.184065|             1.015202|           0.025066|         2.224333
143  |*i_0_0_141|            1.174835|             0.792040|           0.025066|         1.991941
144  |*i_0_0_142|            1.181980|             0.953101|           0.025066|         2.160147
145  |*i_0_0_143|            1.184065|             1.015202|           0.025066|         2.224333
146  |*i_0_0_144|            1.184065|             1.015202|           0.025066|         2.224333
147  |*i_0_0_145|            1.184065|             1.015202|           0.025066|         2.224333
148  |*i_0_0_146|            1.184065|             1.015202|           0.025066|         2.224333
149  |*i_0_0_147|            1.184065|             1.015202|           0.025066|         2.224333
150  |*i_0_0_148|            1.184065|             1.015202|           0.025066|         2.224333
151  |*i_0_0_149|            1.184065|             1.015202|           0.025066|         2.224333
152  |*i_0_0_150|            1.184065|             1.015202|           0.025066|         2.224333
153  |*i_0_0_151|            1.174835|             0.792040|           0.025066|         1.991941
154  |*i_0_0_152|            1.181980|             0.953101|           0.025066|         2.160147
155  |*i_0_0_153|            1.184065|             1.015202|           0.025066|         2.224333
156  |*i_0_0_154|            1.174835|             0.792040|           0.025066|         1.991941
157  |*i_0_0_155|            1.181980|             0.953101|           0.025066|         2.160147
158  |*i_0_0_156|            1.184065|             1.015202|           0.025066|         2.224333
159  |*i_0_0_157|            1.174835|             0.792040|           0.025066|         1.991941
160  |*i_0_0_158|            1.181980|             0.953101|           0.025066|         2.160147
161  |*i_0_0_159|            1.184065|             1.015202|           0.025066|         2.224333
162  |*i_0_0_160|            1.181980|             0.953101|           0.025066|         2.160147
163  |*i_0_0_161|            1.181980|             0.953101|           0.025066|         2.160147
164  |*i_0_0_162|            1.181980|             0.953101|           0.025066|         2.160147
165  |*i_0_0_163|            1.181980|             0.953101|           0.025066|         2.160147
166  |*i_0_0_164|            1.181980|             0.953101|           0.025066|         2.160147
167  |*i_0_0_165|            1.181980|             0.953101|           0.025066|         2.160147
168  |*i_0_0_166|            1.184065|             1.015202|           0.025066|         2.224333
169  |*i_0_0_167|            1.174835|             0.792040|           0.025066|         1.991941
170  |*i_0_0_168|            1.181980|             0.953101|           0.025066|         2.160147
171  |*i_0_0_169|            1.184065|             1.015202|           0.025066|         2.224333
172  |*i_0_0_170|            1.174835|             0.792040|           0.025066|         1.991941
173  |*i_0_0_171|            1.181980|             0.953101|           0.025066|         2.160147
174  |*i_0_0_172|            1.184065|             1.015202|           0.025066|         2.224333
175  |*i_0_0_173|            1.174835|             0.792040|           0.025066|         1.991941
176  |*i_0_0_174|            1.181980|             0.953101|           0.025066|         2.160147
177  |*i_0_0_175|            1.184065|             1.015202|           0.025066|         2.224333
178  |*i_0_0_176|            1.174835|             0.792040|           0.025066|         1.991941
179  |*i_0_0_177|            1.174835|             0.792040|           0.025066|         1.991941
180  |*i_0_0_178|            1.174835|             0.792040|           0.025066|         1.991941
181  |*i_0_0_179|            1.174835|             0.792040|           0.025066|         1.991941
182  |*i_0_0_180|            1.174835|             0.792040|           0.025066|         1.991941
183  |*i_0_0_181|            1.181980|             0.953101|           0.025066|         2.160147
184  |*i_0_0_182|            1.184065|             1.015202|           0.025066|         2.224333
185  |*i_0_0_183|            1.174835|             0.792040|           0.025066|         1.991941
186  |*i_0_0_184|            1.181980|             0.953101|           0.025066|         2.160147
187  |*i_0_0_185|            1.184065|             1.015202|           0.025066|         2.224333
188  |*i_0_0_186|            1.174835|             0.792040|           0.025066|         1.991941
189  |*i_0_0_187|            1.181980|             0.953101|           0.025066|         2.160147
190  |*i_0_0_188|            1.184065|             1.015202|           0.025066|         2.224333
191  |*i_0_0_189|            1.174835|             0.792040|           0.025066|         1.991941
192  |*i_0_0_190|            1.181980|             0.953101|           0.025066|         2.160147
193  |*i_0_0_191|            1.184065|             1.015202|           0.025066|         2.224333
194  |*i_0_0_192|            1.184065|             1.015202|           0.025066|         2.224333
195  |*i_0_0_193|            1.184065|             1.015202|           0.025066|         2.224333
196  |*i_0_0_194|            1.184065|             1.015202|           0.025066|         2.224333
197  |*i_0_0_195|            1.184065|             1.015202|           0.025066|         2.224333
198  |*i_0_0_196|            1.174835|             0.792040|           0.025066|         1.991941
199  |*i_0_0_197|            1.181980|             0.953101|           0.025066|         2.160147
200  |*i_0_0_198|            1.184065|             1.015202|           0.025066|         2.224333
201  |*i_0_0_199|            1.174835|             0.792040|           0.025066|         1.991941
202  |*i_0_0_200|            1.181980|             0.953101|           0.025066|         2.160147
203  |*i_0_0_201|            1.184065|             1.015202|           0.025066|         2.224333
204  |*i_0_0_202|            1.174835|             0.792040|           0.025066|         1.991941
205  |*i_0_0_203|            1.181980|             0.953101|           0.025066|         2.160147
206  |*i_0_0_204|            1.184065|             1.015202|           0.025066|         2.224333
207  |*i_0_0_205|            1.174835|             0.792040|           0.025066|         1.991941
208  |*i_0_0_206|            1.181980|             0.953101|           0.025066|         2.160147
209  |*i_0_0_207|            1.184065|             1.015202|           0.025066|         2.224333
210  |*i_0_0_208|            1.181980|             0.953101|           0.025066|         2.160147
211  |*i_0_0_209|            1.181980|             0.953101|           0.025066|         2.160147
212  |*i_0_0_210|            1.181980|             0.953101|           0.025066|         2.160147
213  |*i_0_0_211|            1.184065|             1.015202|           0.025066|         2.224333
214  |*i_0_0_212|            1.174835|             0.792040|           0.025066|         1.991941
215  |*i_0_0_213|            1.181980|             0.953101|           0.025066|         2.160147
216  |*i_0_0_214|            1.184065|             1.015202|           0.025066|         2.224333
217  |*i_0_0_215|            1.174835|             0.792040|           0.025066|         1.991941
218  |*i_0_0_216|            1.181980|             0.953101|           0.025066|         2.160147
219  |*i_0_0_217|            1.184065|             1.015202|           0.025066|         2.224333
220  |*i_0_0_218|            1.174835|             0.792040|           0.025066|         1.991941
221  |*i_0_0_219|            1.181980|             0.953101|           0.025066|         2.160147
222  |*i_0_0_220|            1.184065|             1.015202|           0.025066|         2.224333
223  |*i_0_0_221|            1.174835|             0.792040|           0.025066|         1.991941
224  |*i_0_0_222|            1.181980|             0.953101|           0.025066|         2.160147
225  |*i_0_0_223|            1.184065|             1.015202|           0.025066|         2.224333
226  |*i_0_0_224|            1.174835|             0.792040|           0.025066|         1.991941
227  |*i_0_0_225|            1.174835|             0.792040|           0.025066|         1.991941
228  |*i_0_0_226|            1.181980|             0.953101|           0.025066|         2.160147
229  |*i_0_0_227|            1.184065|             1.015202|           0.025066|         2.224333
230  |*i_0_0_228|            1.174835|             0.792040|           0.025066|         1.991941
231  |*i_0_0_229|            1.181980|             0.953101|           0.025066|         2.160147
232  |*i_0_0_230|            1.184065|             1.015202|           0.025066|         2.224333
233  |*i_0_0_231|            1.174835|             0.792040|           0.025066|         1.991941
234  |*i_0_0_232|            1.181980|             0.953101|           0.025066|         2.160147
235  |*i_0_0_233|            1.184065|             1.015202|           0.025066|         2.224333
236  |*i_0_0_234|            1.174835|             0.792040|           0.025066|         1.991941
237  |*i_0_0_235|            1.181980|             0.953101|           0.025066|         2.160147
238  |*i_0_0_236|            1.184065|             1.015202|           0.025066|         2.224333
239  |*i_0_0_237|            1.174835|             0.792040|           0.025066|         1.991941
240  |*i_0_0_238|            1.181980|             0.953101|           0.025066|         2.160147
241  |*i_0_0_239|            1.184065|             1.015202|           0.025066|         2.224333
242  |*i_0_0_240|            1.222701|             3.863386|           0.025066|         5.111153
243  |*i_0_0_241|            1.181289|             0.932511|           0.025066|         2.138866
244  |*i_0_0_242|            1.184065|             1.015202|           0.025066|         2.224333
245  |*i_0_0_243|            1.179294|             0.873086|           0.025066|         2.077447
246  |*i_0_0_244|            1.181980|             0.953101|           0.025066|         2.160147
247  |*i_0_0_245|            1.174835|             0.792040|           0.025066|         1.991941
248  |*i_0_0_246|            1.184065|             1.015202|           0.025066|         2.224333
249  |*i_0_0_247|            1.181980|             0.953101|           0.025066|         2.160147
250  |*i_0_0_248|            1.174835|             0.792040|           0.025066|         1.991941
251  |*i_0_0_249|            1.184065|             1.015202|           0.025066|         2.224333
252  |*i_0_0_250|            1.181980|             0.953101|           0.025066|         2.160147
253  |*i_0_0_251|            1.174835|             0.792040|           0.025066|         1.991941
254  |*i_0_0_252|            1.184065|             1.015202|           0.025066|         2.224333
255  |*i_0_0_253|            1.181980|             0.953101|           0.025066|         2.160147
256  |*i_0_0_254|            1.174835|             0.792040|           0.025066|         1.991941
257  |*i_0_0_255|            1.184065|             1.015202|           0.025066|         2.224333
258  |          |                    |                     |                   |                 
259  |*TOTAL    |          974.539062|           828.469910|          24.367273|      1827.376221
-----+----------+--------------------+---------------------+-------------------+-----------------
